  DX11Renderer.cpp
  ImGizmo.cpp
  ImGuiAPI.cpp
  ImGuiTextAPI.cpp
  SolarMath.cpp
  ImCurveEdit.cpp
  ImGradient.cpp
  ImGuizmo.cpp
  ImSequencer.cpp
  imgui.cpp
  imgui_demo.cpp
  imgui_draw.cpp
  imgui_impl_dx11.cpp
  imgui_impl_win32.cpp
  imgui_widgets.cpp
  TextEditor.cpp
  ImNodesAPI.cpp
  imnodes.cpp
  Win32Platform.cpp
F:\codes\Solar\SolarWindows\src\Win32Platform.cpp(47,4): warning C4353: nonstandard extension used: constant 0 as function expression.  Use '__noop' function intrinsic instead
     Creating library F:\codes\Solar\x64\Debug\SolarWindows.lib and object F:\codes\Solar\x64\Debug\SolarWindows.exp
  SolarWindows.vcxproj -> F:\codes\Solar\x64\Debug\SolarWindows.dll
