f:\codes\learning\solarsharp\temp\debug\imguizmo.obj
f:\codes\learning\solarsharp\temp\debug\imgui_impl_win32.obj
f:\codes\learning\solarsharp\temp\debug\solarmath.obj
f:\codes\learning\solarsharp\temp\debug\imguiapi.obj
f:\codes\learning\solarsharp\temp\debug\dx11renderer.obj
f:\codes\learning\solarsharp\temp\debug\imgui_draw.obj
f:\codes\learning\solarsharp\temp\debug\win32platform.obj
f:\codes\learning\solarsharp\temp\debug\dx11rendercommands.obj
f:\codes\learning\solarsharp\temp\debug\imgui_impl_dx11.obj
f:\codes\learning\solarsharp\temp\debug\imgui_demo.obj
f:\codes\learning\solarsharp\temp\debug\imgui_widgets.obj
f:\codes\learning\solarsharp\temp\debug\imgui.obj
f:\codes\learning\solarsharp\temp\debug\vc143.pdb
f:\codes\learning\solarsharp\temp\debug\vc143.idb
f:\codes\solar\temp\debug\imgui_draw.obj
f:\codes\solar\temp\debug\imgui_widgets.obj
f:\codes\solar\temp\debug\imguiapi.obj
f:\codes\solar\temp\debug\imgui.obj
f:\codes\solar\temp\debug\imguizmo.obj
f:\codes\solar\temp\debug\imgui_impl_win32.obj
f:\codes\solar\temp\debug\dx11rendercommands.obj
f:\codes\solar\temp\debug\imgui_impl_dx11.obj
f:\codes\solar\temp\debug\imgui_demo.obj
f:\codes\solar\temp\debug\win32platform.obj
f:\codes\solar\temp\debug\dx11renderer.obj
f:\codes\solar\temp\debug\solarmath.obj
f:\codes\solar\temp\debug\vc143.pdb
f:\codes\solar\temp\debug\vc143.idb
f:\codes\learning\solarsharp\x64\debug\solarwindows.dll
f:\codes\learning\solarsharp\temp\debug\solarwindows.ilk
f:\codes\learning\solarsharp\x64\debug\solarwindows.pdb
f:\codes\solar\x64\debug\solarwindows.dll
f:\codes\solar\temp\debug\solarwindows.ilk
f:\codes\solar\x64\debug\solarwindows.pdb
f:\codes\learning\solarsharp\x64\debug\solarwindows.lib
f:\codes\learning\solarsharp\x64\debug\solarwindows.exp
f:\codes\solar\x64\debug\solarwindows.lib
f:\codes\solar\x64\debug\solarwindows.exp
f:\codes\solar\\temp\debug\solarwindows.vcxproj.filelistabsolute.txt
f:\codes\solar\temp\debug\solarwindows.tlog\cl.command.1.tlog
f:\codes\solar\temp\debug\solarwindows.tlog\cl.read.1.tlog
f:\codes\solar\temp\debug\solarwindows.tlog\cl.write.1.tlog
f:\codes\solar\temp\debug\solarwindows.tlog\link.12056.delete.1.tlog
f:\codes\solar\temp\debug\solarwindows.tlog\link.12808.delete.1.tlog
f:\codes\solar\temp\debug\solarwindows.tlog\link.17688.delete.1.tlog
f:\codes\solar\temp\debug\solarwindows.tlog\link.25128.delete.1.tlog
f:\codes\solar\temp\debug\solarwindows.tlog\link.5052.delete.1.tlog
f:\codes\solar\temp\debug\solarwindows.tlog\link.512.delete.1.tlog
f:\codes\solar\temp\debug\solarwindows.tlog\link.command.1.tlog
f:\codes\solar\temp\debug\solarwindows.tlog\link.read.1.tlog
f:\codes\solar\temp\debug\solarwindows.tlog\link.write.1.tlog
f:\codes\solar\temp\debug\solarwindows.tlog\solarwindows.write.1u.tlog
